#
# A fatal error has been detected by the Java Runtime Environment:
#
#  SIGBUS (0xa) at pc=0x0000000105ac9c10, pid=1180, tid=0x0000000000007b13
#
# JRE version: OpenJDK Runtime Environment (8.0_242) (build 1.8.0_242-release-1644-b3-6915495)
# Java VM: OpenJDK 64-Bit Server VM (25.242-b3-6915495 mixed mode bsd-amd64 compressed oops)
# Problematic frame:
# V  [libjvm.dylib+0xc9c10]  acl_CopyRight+0x29
#
# Failed to write core dump. Core dumps have been disabled. To enable core dumping, try "ulimit -c unlimited" before starting Java again
#
# If you would like to submit a bug report, please visit:
#   http://bugreport.java.com/bugreport/crash.jsp
#

---------------  T H R E A D  ---------------

Current thread (0x00007ffdd3b7c000):  JavaThread "ForkJoinPool-5-worker-0" daemon [_thread_in_vm, id=31507, stack(0x0000700019f99000,0x000070001a099000)]

siginfo: si_signo: 10 (SIGBUS), si_code: 2 (BUS_ADRERR), si_addr: 0x00000007bfa80000

Registers:
RAX=0x00000007d1fe42c8, RBX=0x0000000746caf570, RCX=0x000000076bcf3658, RDX=0xfffffffffdb537aa
RSP=0x000070001a097c38, RBP=0x000070001a097cf0, RSI=0x0000000000000000, RDI=0x00000007acfa01e0
R8 =0x0000000000000001, R9 =0x0000000000000000, R10=0x0000000000001012, R11=0x0000000106221ffb
R12=0x0000000004a0881e, R13=0x0000000106221ff9, R14=0x0000000000000000, R15=0x00007ffdd3b7c000
RIP=0x0000000105ac9c10, EFLAGS=0x0000000000010286, ERR=0x0000000000000004
  TRAPNO=0x000000000000000e

Top of Stack: (sp=0x000070001a097c38)
0x000070001a097c38:   0000000105d0f46e 00000000f81f9ab2
0x000070001a097c48:   00000001061f1ab0 00000007acfa01c0
0x000070001a097c58:   0000000000000000 0000000125044900
0x000070001a097c68:   00007ffdd3b7c000 00007ffdd3b7c000
0x000070001a097c78:   00000001061f01c8 00000007b70317b8
0x000070001a097c88:   00000306002c4e2c 00000007acfa01c0
0x000070001a097c98:   0000000113f5467c 0000000746caf570
0x000070001a097ca8:   00007ffdd3b7c1e0 00007ffdb5f30be8
0x000070001a097cb8:   00000007b70317b8 00000007c0fcd190
0x000070001a097cc8:   000000010b724778 0000000000000000
0x000070001a097cd8:   00000001145ce2e8 000070001a097d40
0x000070001a097ce8:   00007ffdd3b7c000 000070001a097d40
0x000070001a097cf8:   0000000110ff6326 00000007acfa01e0
0x000070001a097d08:   0000000000000000 0000000100002000
0x000070001a097d18:   00000007b70317b8 00000007acfa01c0
0x000070001a097d28:   00000007ae02d9d8 00000007acfa0158
0x000070001a097d38:   00000007acfa02c0 00000007acfa01c0
0x000070001a097d48:   00000001145ce5f8 00000007b0d3bc58
0x000070001a097d58:   00000007acfa02c0 00000007ae02d9d8
0x000070001a097d68:   f59f403c00000020 0000003200000017
0x000070001a097d78:   00000007ae123038 00000007b70317b8
0x000070001a097d88:   00000007a7c449d0 000070001a097dc0
0x000070001a097d98:   00000007b0d3bc58 00000007b0d3bc58
0x000070001a097da8:   00000007002c4de0 0000000000005df4
0x000070001a097db8:   00000007c0195468 00000007b56971d0
0x000070001a097dc8:   0000000112539c24 ffffffffffffffff
0x000070001a097dd8:   00000001252d4310 ffffffffffffffff
0x000070001a097de8:   000000012530e770 0000000000000000
0x000070001a097df8:   0000000113fd4324 000070001a097cb8
0x000070001a097e08:   00007ffdd3b7c000 000070001a097ff0
0x000070001a097e18:   0000000110fb654f 0000000000000000
0x000070001a097e28:   40700000388afdab 406900004a6bc1a8 

Instructions: (pc=0x0000000105ac9c10)
0x0000000105ac9bf0:   45 48 8b 74 d0 08 48 89 74 d1 08 48 83 c2 01 75
0x0000000105ac9c00:   f0 c3 66 2e 0f 1f 84 00 00 00 00 00 0f 1f 40 00
0x0000000105ac9c10:   48 8b 74 d0 e8 48 89 74 d1 e8 48 8b 74 d0 f0 48
0x0000000105ac9c20:   89 74 d1 f0 48 8b 74 d0 f8 48 89 74 d1 f8 48 8b 

Register to memory mapping:

RAX=0x00000007d1fe42c8 is an unknown value
RBX=0x0000000746caf570 is an oop
